<?xml version="1.0" encoding="UTF-8"?>
<!-- Generated by org.testng.reporters.JUnitXMLReporter -->
<testsuite ignored="1" hostname="DESKTOP-2A3TDG1" failures="0" tests="3" name="Default test" time="65.033" errors="0" timestamp="2026-03-06T16:18:24 IST">
  <testcase classname="tests.OrangeHRMTest" name="addEmployeeTest" time="13.183"/>
  <testcase classname="tests.OrangeHRMTest" name="addEmployeeTest" time="12.889"/>
  <testcase classname="tests.OrangeHRMTest" name="addEmployeeTest" time="11.459"/>
  <testcase classname="tests.OrangeHRMTest" name="loginTest" time="0.0">
    <ignored/>
  </testcase> <!-- loginTest -->
</testsuite> <!-- Default test -->
