<?xml version="1.0" encoding="UTF-8"?>
<!-- Generated by org.testng.reporters.JUnitXMLReporter -->
<testsuite ignored="0" hostname="DESKTOP-2A3TDG1" failures="0" tests="6" name="Login Tests" time="83.654" errors="0" timestamp="2026-07-15T19:01:38 IST">
  <testcase classname="tests.OrangeHRMTest" name="addEmployeeTest" time="6.856"/>
  <testcase classname="tests.OrangeHRMTest" name="addEmployeeTest" time="6.233"/>
  <testcase classname="tests.OrangeHRMTest" name="addEmployeeTest" time="6.09"/>
  <testcase classname="tests.OrangeHRMTest" name="loginTest" time="3.705"/>
  <testcase classname="tests.OrangeHRMTest" name="loginTest" time="2.747"/>
  <testcase classname="tests.OrangeHRMTest" name="loginTest" time="2.065"/>
</testsuite> <!-- Login Tests -->
