<?xml version="1.0" encoding="UTF-8"?>
<!-- Generated by org.testng.reporters.JUnitReportReporter -->
<testsuite hostname="DESKTOP-2A3TDG1" failures="0" tests="6" name="tests.OrangeHRMTest" time="82.650" errors="0" timestamp="2026-07-15T19:01:38 IST" skipped="0">
  <testcase classname="tests.OrangeHRMTest" name="addEmployeeTest" time="27.069"/>
  <testcase classname="tests.OrangeHRMTest" name="addEmployeeTest" time="12.330"/>
  <testcase classname="tests.OrangeHRMTest" name="loginTest" time="13.497"/>
  <testcase classname="tests.OrangeHRMTest" name="addEmployeeTest" time="13.268"/>
  <testcase classname="tests.OrangeHRMTest" name="loginTest" time="8.024"/>
  <testcase classname="tests.OrangeHRMTest" name="loginTest" time="8.462"/>
</testsuite> <!-- tests.OrangeHRMTest -->
